Name                         Stmts   Miss  Cover   Missing
----------------------------------------------------------
peb/__init__.py                  0      0   100%
peb/data.py                     19      0   100%
peb/open_ai.py                  28     12    57%   99-117, 141-151, 164-167, 171
peb/telegram_bot.py            175     93    47%   85, 96-101, 130-133, 171-177, 194-198, 301-314, 363-365, 382-410, 424-426, 454-460, 474-498, 510-544, 548
tests/test_telegram_bot.py      24      0   100%
----------------------------------------------------------
TOTAL                          246    105    57%
